[debug] [2022-10-04T05:10:10.580Z] ----------------------------------------------------------------------
[debug] [2022-10-04T05:10:10.584Z] Command:       C:\Program Files\nodejs\node.exe C:\Users\hp\AppData\Roaming\npm\node_modules\firebase-tools\lib\bin\firebase.js emulators:start
[debug] [2022-10-04T05:10:10.585Z] CLI Version:   11.13.0
[debug] [2022-10-04T05:10:10.586Z] Platform:      win32
[debug] [2022-10-04T05:10:10.586Z] Node Version:  v16.17.1
[debug] [2022-10-04T05:10:10.594Z] Time:          Tue Oct 04 2022 10:40:10 GMT+0530 (India Standard Time)
[debug] [2022-10-04T05:10:10.595Z] ----------------------------------------------------------------------
[debug] 
[debug] [2022-10-04T05:10:10.603Z] >>> [apiv2][query] GET https://firebase-public.firebaseio.com/cli.json [none]
[debug] [2022-10-04T05:10:10.795Z] > command requires scopes: ["email","openid","https://www.googleapis.com/auth/cloudplatformprojects.readonly","https://www.googleapis.com/auth/firebase","https://www.googleapis.com/auth/cloud-platform"]
[debug] [2022-10-04T05:10:10.797Z] > authorizing via signed-in user (kartikjain095@gmail.com)
[info] i  emulators: Starting emulators: functions, hosting {"metadata":{"emulator":{"name":"hub"},"message":"Starting emulators: functions, hosting"}}
[debug] [2022-10-04T05:10:10.886Z] [hub] writing locator at C:\Users\hp\AppData\Local\Temp\hub-clone-78fdd.json
[warn] !  functions: The following emulators are not running, calls to these services from the Functions emulator will affect production: auth, firestore, database, pubsub, storage, eventarc {"metadata":{"emulator":{"name":"functions"},"message":"The following emulators are not running, calls to these services from the Functions emulator will affect production: \u001b[1mauth, firestore, database, pubsub, storage, eventarc\u001b[22m"}}
[info] +  functions: Using node@16 from host. {"metadata":{"emulator":{"name":"functions"},"message":"Using node@16 from host."}}
[debug] [2022-10-04T05:10:10.995Z] defaultcredentials: writing to file C:\Users\hp\AppData\Roaming\firebase\kartikjain095_gmail_com_application_default_credentials.json
[debug] [2022-10-04T05:10:11.022Z] Setting GAC to C:\Users\hp\AppData\Roaming\firebase\kartikjain095_gmail_com_application_default_credentials.json {"metadata":{"emulator":{"name":"functions"},"message":"Setting GAC to C:\\Users\\hp\\AppData\\Roaming\\firebase\\kartikjain095_gmail_com_application_default_credentials.json"}}
[debug] [2022-10-04T05:10:11.025Z] > refreshing access token with scopes: []
[debug] [2022-10-04T05:10:11.029Z] >>> [apiv2][query] POST https://www.googleapis.com/oauth2/v3/token [none]
[debug] [2022-10-04T05:10:11.029Z] >>> [apiv2][body] POST https://www.googleapis.com/oauth2/v3/token [omitted]
[debug] [2022-10-04T05:10:11.308Z] <<< [apiv2][status] POST https://www.googleapis.com/oauth2/v3/token 200
[debug] [2022-10-04T05:10:11.308Z] <<< [apiv2][body] POST https://www.googleapis.com/oauth2/v3/token [omitted]
[debug] [2022-10-04T05:10:11.334Z] >>> [apiv2][query] GET https://firebase.googleapis.com/v1beta1/projects/clone-78fdd/adminSdkConfig [none]
[debug] [2022-10-04T05:10:11.514Z] <<< [apiv2][status] GET https://firebase-public.firebaseio.com/cli.json 200
[debug] [2022-10-04T05:10:11.514Z] <<< [apiv2][body] GET https://firebase-public.firebaseio.com/cli.json {"cloudBuildErrorAfter":1594252800000,"cloudBuildWarnAfter":1590019200000,"defaultNode10After":1594252800000,"minVersion":"3.0.5","node8DeploysDisabledAfter":1613390400000,"node8RuntimeDisabledAfter":1615809600000,"node8WarnAfter":1600128000000}
[debug] [2022-10-04T05:10:11.828Z] <<< [apiv2][status] GET https://firebase.googleapis.com/v1beta1/projects/clone-78fdd/adminSdkConfig 200
[debug] [2022-10-04T05:10:11.829Z] <<< [apiv2][body] GET https://firebase.googleapis.com/v1beta1/projects/clone-78fdd/adminSdkConfig {"projectId":"clone-78fdd","storageBucket":"clone-78fdd.appspot.com","locationId":"us-central"}
[debug] [2022-10-04T05:10:12.140Z] >>> [apiv2][query] GET https://firebasehosting.googleapis.com/v1beta1/projects/clone-78fdd/sites 
[debug] [2022-10-04T05:10:13.620Z] <<< [apiv2][status] GET https://firebasehosting.googleapis.com/v1beta1/projects/clone-78fdd/sites 200
[debug] [2022-10-04T05:10:13.621Z] <<< [apiv2][body] GET https://firebasehosting.googleapis.com/v1beta1/projects/clone-78fdd/sites {"sites":[{"name":"projects/clone-78fdd/sites/clone-78fdd","defaultUrl":"https://clone-78fdd.web.app","appId":"1:748169997472:web:793149dc243df6dd3c6dc5","type":"DEFAULT_SITE"}]}
[debug] [2022-10-04T05:10:13.622Z] >>> [apiv2][query] GET https://firebase.googleapis.com/v1beta1/projects/clone-78fdd/webApps/1:748169997472:web:793149dc243df6dd3c6dc5/config [none]
[debug] [2022-10-04T05:10:15.026Z] <<< [apiv2][status] GET https://firebase.googleapis.com/v1beta1/projects/clone-78fdd/webApps/1:748169997472:web:793149dc243df6dd3c6dc5/config 200
[debug] [2022-10-04T05:10:15.026Z] <<< [apiv2][body] GET https://firebase.googleapis.com/v1beta1/projects/clone-78fdd/webApps/1:748169997472:web:793149dc243df6dd3c6dc5/config {"projectId":"clone-78fdd","appId":"1:748169997472:web:793149dc243df6dd3c6dc5","storageBucket":"clone-78fdd.appspot.com","locationId":"us-central","apiKey":"AIzaSyDeIbTYYEAJS-GOij_4KcM3QBQadUY_3sE","authDomain":"clone-78fdd.firebaseapp.com","messagingSenderId":"748169997472","measurementId":"G-N5MPDEJDHM"}
[info] i  hosting: Serving hosting files from: build {"metadata":{"emulator":{"name":"hosting"},"message":"Serving hosting files from: \u001b[1mbuild\u001b[22m"}}
[info] +  hosting: Local server: http://localhost:5000 {"metadata":{"emulator":{"name":"hosting"},"message":"Local server: \u001b[4m\u001b[1mhttp://localhost:5000\u001b[22m\u001b[24m"}}
[debug] [2022-10-04T05:10:15.116Z] Ignoring unsupported arg: auto_download {"metadata":{"emulator":{"name":"ui"},"message":"Ignoring unsupported arg: auto_download"}}
[debug] [2022-10-04T05:10:15.117Z] Ignoring unsupported arg: port {"metadata":{"emulator":{"name":"ui"},"message":"Ignoring unsupported arg: port"}}
[debug] [2022-10-04T05:10:15.117Z] Starting Emulator UI with command {"binary":"node","args":["C:\\Users\\hp\\.cache\\firebase\\emulators\\ui-v1.9.0\\server\\server.js"],"optionalArgs":[],"joinArgs":false} {"metadata":{"emulator":{"name":"ui"},"message":"Starting Emulator UI with command {\"binary\":\"node\",\"args\":[\"C:\\\\Users\\\\hp\\\\.cache\\\\firebase\\\\emulators\\\\ui-v1.9.0\\\\server\\\\server.js\"],\"optionalArgs\":[],\"joinArgs\":false}"}}
[info] i  ui: Emulator UI logging to ui-debug.log {"metadata":{"emulator":{"name":"ui"},"message":"Emulator UI logging to \u001b[1mui-debug.log\u001b[22m"}}
[debug] [2022-10-04T05:10:15.454Z] Web / API server started at localhost:4000
 {"metadata":{"emulator":{"name":"ui"},"message":"Web / API server started at localhost:4000\n"}}
[info] i  functions: Watching "E:\amazon-clone\amazon-clone\functions" for Cloud Functions... {"metadata":{"emulator":{"name":"functions"},"message":"Watching \"E:\\amazon-clone\\amazon-clone\\functions\" for Cloud Functions..."}}
[debug] [2022-10-04T05:10:15.685Z] Validating nodejs source
[debug] [2022-10-04T05:10:23.487Z] > [functions] package.json contents: {
  "name": "functions",
  "description": "Cloud Functions for Firebase",
  "scripts": {
    "lint": "eslint .",
    "serve": "firebase emulators:start --only functions",
    "shell": "firebase functions:shell",
    "start": "npm run shell",
    "deploy": "firebase deploy --only functions",
    "logs": "firebase functions:log"
  },
  "engines": {
    "node": "16"
  },
  "main": "index.js",
  "dependencies": {
    "express": "^4.18.1",
    "firebase-admin": "^10.0.2",
    "firebase-functions": "^3.18.0",
    "stripe": "^10.12.0"
  },
  "devDependencies": {
    "eslint": "^8.9.0",
    "eslint-config-google": "^0.14.0",
    "firebase-functions-test": "^0.2.0"
  },
  "private": true
}
[debug] [2022-10-04T05:10:23.489Z] Building nodejs source
[debug] [2022-10-04T05:10:23.489Z] Analyzing nodejs backend spec
[debug] [2022-10-04T05:10:23.493Z] Could not find functions.yaml. Must use http discovery
[debug] [2022-10-04T05:10:25.590Z] Serving at port 9005

[debug] [2022-10-04T05:10:33.438Z] Got response from /__/functions.yaml {"endpoints":{"api":{"platform":"gcfv1","httpsTrigger":{},"entryPoint":"api"}},"specVersion":"v1alpha1","requiredAPIs":[]}
[debug] [2022-10-04T05:10:33.458Z] shutdown requested via /__/quitquitquit

[info] +  functions: Loaded functions definitions from source: api. {"metadata":{"emulator":{"name":"functions"},"message":"Loaded functions definitions from source: api."}}
[info] +  functions[us-central1-api]: http function initialized (http://localhost:5001/clone-78fdd/us-central1/api). {"metadata":{"emulator":{"name":"functions"},"message":"\u001b[1mhttp\u001b[22m function initialized (http://localhost:5001/clone-78fdd/us-central1/api)."}}
[info] 
┌─────────────────────────────────────────────────────────────┐
│ ✔  All emulators ready! It is now safe to connect your app. │
│ i  View Emulator UI at http://localhost:4000                │
└─────────────────────────────────────────────────────────────┘

┌───────────┬────────────────┬─────────────────────────────────┐
│ Emulator  │ Host:Port      │ View in Emulator UI             │
├───────────┼────────────────┼─────────────────────────────────┤
│ Functions │ localhost:5001 │ http://localhost:4000/functions │
├───────────┼────────────────┼─────────────────────────────────┤
│ Hosting   │ localhost:5000 │ n/a                             │
└───────────┴────────────────┴─────────────────────────────────┘
  Emulator Hub running at localhost:4400
  Other reserved ports: 4500

Issues? Report them at https://github.com/firebase/firebase-tools/issues and attach the *-debug.log files.
 
[debug] [2022-10-04T05:11:07.533Z] [work-queue] {"queueLength":1,"workRunningCount":0}
[debug] [2022-10-04T05:11:07.534Z] [work-queue] {"queueLength":0,"workRunningCount":1}
[debug] [2022-10-04T05:11:07.535Z] Accepted request POST /clone-78fdd/us-central1/api/payment/create?total=0 --> us-central1-api
[debug] [2022-10-04T05:11:07.544Z] [functions] Runtime ready! Sending request! {"metadata":{"emulator":{"name":"functions"},"message":"[functions] Runtime ready! Sending request!"}}
[debug] [2022-10-04T05:11:07.545Z] [functions] Got req.url=/clone-78fdd/us-central1/api/payment/create?total=0, mapping to path=/payment/create?total=0 {"metadata":{"emulator":{"name":"functions"},"message":"[functions] Got req.url=/clone-78fdd/us-central1/api/payment/create?total=0, mapping to path=/payment/create?total=0"}}
[debug] [2022-10-04T05:11:07.566Z] [worker-pool] addWorker(us-central1-api) {"metadata":{"emulator":{"name":"functions"},"message":"[worker-pool] addWorker(us-central1-api)"}}
[debug] [2022-10-04T05:11:07.567Z] [worker-pool] Adding worker with key us-central1-api, total=1 {"metadata":{"emulator":{"name":"functions"},"message":"[worker-pool] Adding worker with key us-central1-api, total=1"}}
[debug] [2022-10-04T05:11:07.574Z] [work-queue] {"queueLength":1,"workRunningCount":1}
[debug] [2022-10-04T05:11:07.575Z] [work-queue] {"queueLength":0,"workRunningCount":2}
[debug] [2022-10-04T05:11:07.575Z] Accepted request POST /clone-78fdd/us-central1/api/payment/create?total=0 --> us-central1-api
[debug] [2022-10-04T05:11:07.586Z] [functions] Runtime ready! Sending request! {"metadata":{"emulator":{"name":"functions"},"message":"[functions] Runtime ready! Sending request!"}}
[debug] [2022-10-04T05:11:07.586Z] [functions] Got req.url=/clone-78fdd/us-central1/api/payment/create?total=0, mapping to path=/payment/create?total=0 {"metadata":{"emulator":{"name":"functions"},"message":"[functions] Got req.url=/clone-78fdd/us-central1/api/payment/create?total=0, mapping to path=/payment/create?total=0"}}
[debug] [2022-10-04T05:11:07.587Z] [worker-pool] submitRequest(triggerId=us-central1-api) {"metadata":{"emulator":{"name":"functions"},"message":"[worker-pool] submitRequest(triggerId=us-central1-api)"}}
[debug] [2022-10-04T05:11:07.587Z] [worker-us-central1-api-e07b1c12-53dd-4fd0-94e6-55b46fde637f]: BUSY {"metadata":{"emulator":{"name":"functions"},"message":"[worker-us-central1-api-e07b1c12-53dd-4fd0-94e6-55b46fde637f]: BUSY"}}
[debug] [2022-10-04T05:11:07.593Z] [work-queue] {"queueLength":0,"workRunningCount":1}
[debug] [2022-10-04T05:11:07.604Z] [worker-us-central1-api-e07b1c12-53dd-4fd0-94e6-55b46fde637f]: exited {"metadata":{"emulator":{"name":"functions"},"message":"[worker-us-central1-api-e07b1c12-53dd-4fd0-94e6-55b46fde637f]: exited"}}
[debug] [2022-10-04T05:11:07.604Z] [worker-us-central1-api-e07b1c12-53dd-4fd0-94e6-55b46fde637f]: FINISHED {"metadata":{"emulator":{"name":"functions"},"message":"[worker-us-central1-api-e07b1c12-53dd-4fd0-94e6-55b46fde637f]: FINISHED"}}
[debug] FirebaseError: Failed to load function.
    at Timeout._onTimeout (C:\Users\hp\AppData\Roaming\npm\node_modules\firebase-tools\lib\emulator\functionsRuntimeWorker.js:152:24)
    at listOnTimeout (node:internal/timers:559:17)
    at processTimers (node:internal/timers:502:7) {"metadata":{"emulator":{"name":"functions"},"message":{"name":"FirebaseError","children":[],"exit":1,"message":"Failed to load function.","status":500}}}
[debug] [2022-10-04T05:11:37.586Z] [work-queue] {"queueLength":0,"workRunningCount":0}
[debug] [2022-10-04T05:12:47.092Z] [work-queue] {"queueLength":1,"workRunningCount":0}
[debug] [2022-10-04T05:12:47.092Z] [work-queue] {"queueLength":0,"workRunningCount":1}
[debug] [2022-10-04T05:12:47.093Z] Accepted request POST /clone-78fdd/us-central1/api/payment/create?total=1200 --> us-central1-api
[debug] [2022-10-04T05:12:47.105Z] [functions] Runtime ready! Sending request! {"metadata":{"emulator":{"name":"functions"},"message":"[functions] Runtime ready! Sending request!"}}
[debug] [2022-10-04T05:12:47.106Z] [functions] Got req.url=/clone-78fdd/us-central1/api/payment/create?total=1200, mapping to path=/payment/create?total=1200 {"metadata":{"emulator":{"name":"functions"},"message":"[functions] Got req.url=/clone-78fdd/us-central1/api/payment/create?total=1200, mapping to path=/payment/create?total=1200"}}
[debug] [2022-10-04T05:12:47.106Z] [worker-pool] Cleaned up workers for us-central1-api: 1 --> 0 {"metadata":{"emulator":{"name":"functions"},"message":"[worker-pool] Cleaned up workers for us-central1-api: 1 --> 0"}}
[debug] [2022-10-04T05:12:47.121Z] [worker-pool] addWorker(us-central1-api) {"metadata":{"emulator":{"name":"functions"},"message":"[worker-pool] addWorker(us-central1-api)"}}
[debug] [2022-10-04T05:12:47.121Z] [worker-pool] Adding worker with key us-central1-api, total=1 {"metadata":{"emulator":{"name":"functions"},"message":"[worker-pool] Adding worker with key us-central1-api, total=1"}}
[debug] [2022-10-04T05:12:47.125Z] [work-queue] {"queueLength":1,"workRunningCount":1}
[debug] [2022-10-04T05:12:47.126Z] [work-queue] {"queueLength":0,"workRunningCount":2}
[debug] [2022-10-04T05:12:47.126Z] Accepted request POST /clone-78fdd/us-central1/api/payment/create?total=1200 --> us-central1-api
[debug] [2022-10-04T05:12:47.135Z] [functions] Runtime ready! Sending request! {"metadata":{"emulator":{"name":"functions"},"message":"[functions] Runtime ready! Sending request!"}}
[debug] [2022-10-04T05:12:47.136Z] [functions] Got req.url=/clone-78fdd/us-central1/api/payment/create?total=1200, mapping to path=/payment/create?total=1200 {"metadata":{"emulator":{"name":"functions"},"message":"[functions] Got req.url=/clone-78fdd/us-central1/api/payment/create?total=1200, mapping to path=/payment/create?total=1200"}}
[debug] [2022-10-04T05:12:47.136Z] [worker-pool] submitRequest(triggerId=us-central1-api) {"metadata":{"emulator":{"name":"functions"},"message":"[worker-pool] submitRequest(triggerId=us-central1-api)"}}
[debug] [2022-10-04T05:12:47.136Z] [worker-us-central1-api-3736ea5d-a58d-493a-a29f-eb9e98089650]: BUSY {"metadata":{"emulator":{"name":"functions"},"message":"[worker-us-central1-api-3736ea5d-a58d-493a-a29f-eb9e98089650]: BUSY"}}
[debug] [2022-10-04T05:12:47.143Z] [work-queue] {"queueLength":0,"workRunningCount":1}
[debug] [2022-10-04T05:12:47.149Z] [worker-us-central1-api-3736ea5d-a58d-493a-a29f-eb9e98089650]: exited {"metadata":{"emulator":{"name":"functions"},"message":"[worker-us-central1-api-3736ea5d-a58d-493a-a29f-eb9e98089650]: exited"}}
[debug] [2022-10-04T05:12:47.149Z] [worker-us-central1-api-3736ea5d-a58d-493a-a29f-eb9e98089650]: FINISHED {"metadata":{"emulator":{"name":"functions"},"message":"[worker-us-central1-api-3736ea5d-a58d-493a-a29f-eb9e98089650]: FINISHED"}}
[debug] [2022-10-04T05:12:49.484Z] [work-queue] {"queueLength":1,"workRunningCount":1}
[debug] [2022-10-04T05:12:49.484Z] [work-queue] {"queueLength":0,"workRunningCount":2}
[debug] [2022-10-04T05:12:49.485Z] Accepted request POST /clone-78fdd/us-central1/api/payment/create?total=900 --> us-central1-api
[debug] [2022-10-04T05:12:49.492Z] [functions] Runtime ready! Sending request! {"metadata":{"emulator":{"name":"functions"},"message":"[functions] Runtime ready! Sending request!"}}
[debug] [2022-10-04T05:12:49.493Z] [functions] Got req.url=/clone-78fdd/us-central1/api/payment/create?total=900, mapping to path=/payment/create?total=900 {"metadata":{"emulator":{"name":"functions"},"message":"[functions] Got req.url=/clone-78fdd/us-central1/api/payment/create?total=900, mapping to path=/payment/create?total=900"}}
[debug] [2022-10-04T05:12:49.493Z] [worker-pool] Cleaned up workers for us-central1-api: 1 --> 0 {"metadata":{"emulator":{"name":"functions"},"message":"[worker-pool] Cleaned up workers for us-central1-api: 1 --> 0"}}
[debug] [2022-10-04T05:12:49.507Z] [worker-pool] addWorker(us-central1-api) {"metadata":{"emulator":{"name":"functions"},"message":"[worker-pool] addWorker(us-central1-api)"}}
[debug] [2022-10-04T05:12:49.507Z] [worker-pool] Adding worker with key us-central1-api, total=1 {"metadata":{"emulator":{"name":"functions"},"message":"[worker-pool] Adding worker with key us-central1-api, total=1"}}
[debug] [2022-10-04T05:12:52.542Z] [runtime-status] [13412] Resolved module firebase-admin {"declared":true,"installed":true,"version":"10.3.0","resolution":"E:\\amazon-clone\\amazon-clone\\functions\\node_modules\\firebase-admin\\lib\\index.js"} {"metadata":{"emulator":{"name":"functions"},"function":{"name":"us-central1-api"},"extension":{},"message":"[runtime-status] [13412] Resolved module firebase-admin {\"declared\":true,\"installed\":true,\"version\":\"10.3.0\",\"resolution\":\"E:\\\\amazon-clone\\\\amazon-clone\\\\functions\\\\node_modules\\\\firebase-admin\\\\lib\\\\index.js\"}"}}
[debug] [2022-10-04T05:12:52.544Z] [runtime-status] [13412] Resolved module firebase-functions {"declared":true,"installed":true,"version":"3.24.1","resolution":"E:\\amazon-clone\\amazon-clone\\functions\\node_modules\\firebase-functions\\lib\\index.js"} {"metadata":{"emulator":{"name":"functions"},"function":{"name":"us-central1-api"},"extension":{},"message":"[runtime-status] [13412] Resolved module firebase-functions {\"declared\":true,\"installed\":true,\"version\":\"3.24.1\",\"resolution\":\"E:\\\\amazon-clone\\\\amazon-clone\\\\functions\\\\node_modules\\\\firebase-functions\\\\lib\\\\index.js\"}"}}
[debug] [2022-10-04T05:12:52.545Z] [runtime-status] [13412] Outgoing network have been stubbed. [{"name":"http","status":"mocked"},{"name":"http","status":"mocked"},{"name":"https","status":"mocked"},{"name":"https","status":"mocked"},{"name":"net","status":"mocked"}] {"metadata":{"emulator":{"name":"functions"},"function":{"name":"us-central1-api"},"extension":{},"message":"[runtime-status] [13412] Outgoing network have been stubbed. [{\"name\":\"http\",\"status\":\"mocked\"},{\"name\":\"http\",\"status\":\"mocked\"},{\"name\":\"https\",\"status\":\"mocked\"},{\"name\":\"https\",\"status\":\"mocked\"},{\"name\":\"net\",\"status\":\"mocked\"}]"}}
[debug] [2022-10-04T05:12:52.548Z] [runtime-status] [13412] Resolved module firebase-functions {"declared":true,"installed":true,"version":"3.24.1","resolution":"E:\\amazon-clone\\amazon-clone\\functions\\node_modules\\firebase-functions\\lib\\index.js"} {"metadata":{"emulator":{"name":"functions"},"function":{"name":"us-central1-api"},"extension":{},"message":"[runtime-status] [13412] Resolved module firebase-functions {\"declared\":true,\"installed\":true,\"version\":\"3.24.1\",\"resolution\":\"E:\\\\amazon-clone\\\\amazon-clone\\\\functions\\\\node_modules\\\\firebase-functions\\\\lib\\\\index.js\"}"}}
[debug] [2022-10-04T05:12:52.647Z] [runtime-status] [13412] Checked functions.config() {"config":{}} {"metadata":{"emulator":{"name":"functions"},"function":{"name":"us-central1-api"},"extension":{},"message":"[runtime-status] [13412] Checked functions.config() {\"config\":{}}"}}
[debug] [2022-10-04T05:12:52.648Z] [runtime-status] [13412] firebase-functions has been stubbed. {"functionsResolution":{"declared":true,"installed":true,"version":"3.24.1","resolution":"E:\\amazon-clone\\amazon-clone\\functions\\node_modules\\firebase-functions\\lib\\index.js"}} {"metadata":{"emulator":{"name":"functions"},"function":{"name":"us-central1-api"},"extension":{},"message":"[runtime-status] [13412] firebase-functions has been stubbed. {\"functionsResolution\":{\"declared\":true,\"installed\":true,\"version\":\"3.24.1\",\"resolution\":\"E:\\\\amazon-clone\\\\amazon-clone\\\\functions\\\\node_modules\\\\firebase-functions\\\\lib\\\\index.js\"}}"}}
[debug] [2022-10-04T05:12:52.650Z] [runtime-status] [13412] Resolved module firebase-functions {"declared":true,"installed":true,"version":"3.24.1","resolution":"E:\\amazon-clone\\amazon-clone\\functions\\node_modules\\firebase-functions\\lib\\index.js"} {"metadata":{"emulator":{"name":"functions"},"function":{"name":"us-central1-api"},"extension":{},"message":"[runtime-status] [13412] Resolved module firebase-functions {\"declared\":true,\"installed\":true,\"version\":\"3.24.1\",\"resolution\":\"E:\\\\amazon-clone\\\\amazon-clone\\\\functions\\\\node_modules\\\\firebase-functions\\\\lib\\\\index.js\"}"}}
[debug] [2022-10-04T05:12:52.653Z] [runtime-status] [13412] Resolved module firebase-admin {"declared":true,"installed":true,"version":"10.3.0","resolution":"E:\\amazon-clone\\amazon-clone\\functions\\node_modules\\firebase-admin\\lib\\index.js"} {"metadata":{"emulator":{"name":"functions"},"function":{"name":"us-central1-api"},"extension":{},"message":"[runtime-status] [13412] Resolved module firebase-admin {\"declared\":true,\"installed\":true,\"version\":\"10.3.0\",\"resolution\":\"E:\\\\amazon-clone\\\\amazon-clone\\\\functions\\\\node_modules\\\\firebase-admin\\\\lib\\\\index.js\"}"}}
[debug] [2022-10-04T05:12:52.654Z] [runtime-status] [13412] Resolved module firebase-functions {"declared":true,"installed":true,"version":"3.24.1","resolution":"E:\\amazon-clone\\amazon-clone\\functions\\node_modules\\firebase-functions\\lib\\index.js"} {"metadata":{"emulator":{"name":"functions"},"function":{"name":"us-central1-api"},"extension":{},"message":"[runtime-status] [13412] Resolved module firebase-functions {\"declared\":true,\"installed\":true,\"version\":\"3.24.1\",\"resolution\":\"E:\\\\amazon-clone\\\\amazon-clone\\\\functions\\\\node_modules\\\\firebase-functions\\\\lib\\\\index.js\"}"}}
[debug] [2022-10-04T05:12:52.655Z] [runtime-status] [13412] firebase-admin has been stubbed. {"adminResolution":{"declared":true,"installed":true,"version":"10.3.0","resolution":"E:\\amazon-clone\\amazon-clone\\functions\\node_modules\\firebase-admin\\lib\\index.js"}} {"metadata":{"emulator":{"name":"functions"},"function":{"name":"us-central1-api"},"extension":{},"message":"[runtime-status] [13412] firebase-admin has been stubbed. {\"adminResolution\":{\"declared\":true,\"installed\":true,\"version\":\"10.3.0\",\"resolution\":\"E:\\\\amazon-clone\\\\amazon-clone\\\\functions\\\\node_modules\\\\firebase-admin\\\\lib\\\\index.js\"}}"}}
[debug] [2022-10-04T05:12:52.997Z] [runtime-status] [13412] Functions runtime initialized. {"cwd":"E:\\amazon-clone\\amazon-clone\\functions","node_version":"16.17.1"} {"metadata":{"emulator":{"name":"functions"},"function":{"name":"us-central1-api"},"extension":{},"message":"[runtime-status] [13412] Functions runtime initialized. {\"cwd\":\"E:\\\\amazon-clone\\\\amazon-clone\\\\functions\",\"node_version\":\"16.17.1\"}"}}
[debug] [2022-10-04T05:12:52.997Z] [runtime-status] [13412] Listening to port: \\?\pipe\fire_emu_ed686d9916abedb5 {"metadata":{"emulator":{"name":"functions"},"function":{"name":"us-central1-api"},"extension":{},"message":"[runtime-status] [13412] Listening to port: \\\\?\\pipe\\fire_emu_ed686d9916abedb5"}}
[debug] [2022-10-04T05:12:53.076Z] [worker-pool] submitRequest(triggerId=us-central1-api) {"metadata":{"emulator":{"name":"functions"},"message":"[worker-pool] submitRequest(triggerId=us-central1-api)"}}
[debug] [2022-10-04T05:12:53.077Z] [worker-us-central1-api-d0caf257-6e83-4ecb-b528-464e2a71b1bf]: BUSY {"metadata":{"emulator":{"name":"functions"},"message":"[worker-us-central1-api-d0caf257-6e83-4ecb-b528-464e2a71b1bf]: BUSY"}}
[info] i  functions: Beginning execution of "api" {"metadata":{"emulator":{"name":"functions"},"function":{"name":"us-central1-api"},"extension":{},"message":"Beginning execution of \"api\""}}
[info] >  { total: '900' } {"user":"{ total: '900' }","metadata":{"emulator":{"name":"functions"},"function":{"name":"us-central1-api"},"extension":{},"message":"\u001b[90m> \u001b[39m { total: '900' }"}}
[info] >  Payment request recieved >>>  900 {"user":"Payment request recieved >>>  900","metadata":{"emulator":{"name":"functions"},"function":{"name":"us-central1-api"},"extension":{},"message":"\u001b[90m> \u001b[39m Payment request recieved >>>  900"}}
[debug] [2022-10-04T05:12:54.471Z] [worker-us-central1-api-d0caf257-6e83-4ecb-b528-464e2a71b1bf]: IDLE {"metadata":{"emulator":{"name":"functions"},"message":"[worker-us-central1-api-d0caf257-6e83-4ecb-b528-464e2a71b1bf]: IDLE"}}
[debug] [2022-10-04T05:12:54.472Z] [work-queue] {"queueLength":0,"workRunningCount":1}
[info] i  functions: Finished "api" in 1380.4587000000001ms {"metadata":{"emulator":{"name":"functions"},"function":{"name":"us-central1-api"},"extension":{},"message":"Finished \"api\" in 1380.4587000000001ms"}}
[debug] FirebaseError: Failed to load function.
    at Timeout._onTimeout (C:\Users\hp\AppData\Roaming\npm\node_modules\firebase-tools\lib\emulator\functionsRuntimeWorker.js:152:24)
    at listOnTimeout (node:internal/timers:559:17)
    at processTimers (node:internal/timers:502:7) {"metadata":{"emulator":{"name":"functions"},"message":{"name":"FirebaseError","children":[],"exit":1,"message":"Failed to load function.","status":500}}}
[debug] [2022-10-04T05:13:17.192Z] [work-queue] {"queueLength":0,"workRunningCount":0}
[debug] [2022-10-04T05:40:36.546Z] ----------------------------------------------------------------------
[debug] [2022-10-04T05:40:36.551Z] Command:       C:\Program Files\nodejs\node.exe C:\Users\hp\AppData\Roaming\npm\node_modules\firebase-tools\lib\bin\firebase.js emulators:start
[debug] [2022-10-04T05:40:36.552Z] CLI Version:   11.13.0
[debug] [2022-10-04T05:40:36.552Z] Platform:      win32
[debug] [2022-10-04T05:40:36.553Z] Node Version:  v16.17.1
[debug] [2022-10-04T05:40:36.555Z] Time:          Tue Oct 04 2022 11:10:36 GMT+0530 (India Standard Time)
[debug] [2022-10-04T05:40:36.555Z] ----------------------------------------------------------------------
[debug] 
[debug] [2022-10-04T05:40:36.744Z] > command requires scopes: ["email","openid","https://www.googleapis.com/auth/cloudplatformprojects.readonly","https://www.googleapis.com/auth/firebase","https://www.googleapis.com/auth/cloud-platform"]
[debug] [2022-10-04T05:40:36.745Z] > authorizing via signed-in user (kartikjain095@gmail.com)
[info] i  emulators: Starting emulators: functions, hosting {"metadata":{"emulator":{"name":"hub"},"message":"Starting emulators: functions, hosting"}}
[warn] !  emulators: It seems that you are running multiple instances of the emulator suite for project clone-78fdd. This may result in unexpected behavior. 
[debug] [2022-10-04T05:40:36.837Z] [hub] writing locator at C:\Users\hp\AppData\Local\Temp\hub-clone-78fdd.json
[warn] !  functions: The following emulators are not running, calls to these services from the Functions emulator will affect production: auth, firestore, database, pubsub, storage, eventarc {"metadata":{"emulator":{"name":"functions"},"message":"The following emulators are not running, calls to these services from the Functions emulator will affect production: \u001b[1mauth, firestore, database, pubsub, storage, eventarc\u001b[22m"}}
[info] +  functions: Using node@16 from host. {"metadata":{"emulator":{"name":"functions"},"message":"Using node@16 from host."}}
[debug] [2022-10-04T05:40:36.975Z] defaultcredentials: writing to file C:\Users\hp\AppData\Roaming\firebase\kartikjain095_gmail_com_application_default_credentials.json
[debug] [2022-10-04T05:40:36.983Z] Setting GAC to C:\Users\hp\AppData\Roaming\firebase\kartikjain095_gmail_com_application_default_credentials.json {"metadata":{"emulator":{"name":"functions"},"message":"Setting GAC to C:\\Users\\hp\\AppData\\Roaming\\firebase\\kartikjain095_gmail_com_application_default_credentials.json"}}
[debug] [2022-10-04T05:40:36.991Z] >>> [apiv2][query] GET https://firebase.googleapis.com/v1beta1/projects/clone-78fdd/adminSdkConfig [none]
[debug] [2022-10-04T05:40:37.628Z] <<< [apiv2][status] GET https://firebase.googleapis.com/v1beta1/projects/clone-78fdd/adminSdkConfig 200
[debug] [2022-10-04T05:40:37.629Z] <<< [apiv2][body] GET https://firebase.googleapis.com/v1beta1/projects/clone-78fdd/adminSdkConfig {"projectId":"clone-78fdd","storageBucket":"clone-78fdd.appspot.com","locationId":"us-central"}
[debug] [2022-10-04T05:40:37.704Z] >>> [apiv2][query] GET https://firebasehosting.googleapis.com/v1beta1/projects/clone-78fdd/sites 
[debug] [2022-10-04T05:40:39.344Z] <<< [apiv2][status] GET https://firebasehosting.googleapis.com/v1beta1/projects/clone-78fdd/sites 200
[debug] [2022-10-04T05:40:39.344Z] <<< [apiv2][body] GET https://firebasehosting.googleapis.com/v1beta1/projects/clone-78fdd/sites {"sites":[{"name":"projects/clone-78fdd/sites/clone-78fdd","defaultUrl":"https://clone-78fdd.web.app","appId":"1:748169997472:web:793149dc243df6dd3c6dc5","type":"DEFAULT_SITE"}]}
[debug] [2022-10-04T05:40:39.345Z] >>> [apiv2][query] GET https://firebase.googleapis.com/v1beta1/projects/clone-78fdd/webApps/1:748169997472:web:793149dc243df6dd3c6dc5/config [none]
[debug] [2022-10-04T05:40:40.698Z] <<< [apiv2][status] GET https://firebase.googleapis.com/v1beta1/projects/clone-78fdd/webApps/1:748169997472:web:793149dc243df6dd3c6dc5/config 200
[debug] [2022-10-04T05:40:40.698Z] <<< [apiv2][body] GET https://firebase.googleapis.com/v1beta1/projects/clone-78fdd/webApps/1:748169997472:web:793149dc243df6dd3c6dc5/config {"projectId":"clone-78fdd","appId":"1:748169997472:web:793149dc243df6dd3c6dc5","storageBucket":"clone-78fdd.appspot.com","locationId":"us-central","apiKey":"AIzaSyDeIbTYYEAJS-GOij_4KcM3QBQadUY_3sE","authDomain":"clone-78fdd.firebaseapp.com","messagingSenderId":"748169997472","measurementId":"G-N5MPDEJDHM"}
[info] i  hosting: Serving hosting files from: build {"metadata":{"emulator":{"name":"hosting"},"message":"Serving hosting files from: \u001b[1mbuild\u001b[22m"}}
[info] +  hosting: Local server: http://localhost:5000 {"metadata":{"emulator":{"name":"hosting"},"message":"Local server: \u001b[4m\u001b[1mhttp://localhost:5000\u001b[22m\u001b[24m"}}
[warn] !  ui: Emulator UI unable to start on port 4000, starting on 4001 instead. {"metadata":{"emulator":{"name":"ui"},"message":"Emulator UI unable to start on port 4000, starting on 4001 instead."}}
[debug] [2022-10-04T05:40:40.930Z] Ignoring unsupported arg: auto_download {"metadata":{"emulator":{"name":"ui"},"message":"Ignoring unsupported arg: auto_download"}}
[debug] [2022-10-04T05:40:40.931Z] Ignoring unsupported arg: port {"metadata":{"emulator":{"name":"ui"},"message":"Ignoring unsupported arg: port"}}
[debug] [2022-10-04T05:40:40.931Z] Starting Emulator UI with command {"binary":"node","args":["C:\\Users\\hp\\.cache\\firebase\\emulators\\ui-v1.9.0\\server\\server.js"],"optionalArgs":[],"joinArgs":false} {"metadata":{"emulator":{"name":"ui"},"message":"Starting Emulator UI with command {\"binary\":\"node\",\"args\":[\"C:\\\\Users\\\\hp\\\\.cache\\\\firebase\\\\emulators\\\\ui-v1.9.0\\\\server\\\\server.js\"],\"optionalArgs\":[],\"joinArgs\":false}"}}
[info] i  ui: Emulator UI logging to ui-debug.log {"metadata":{"emulator":{"name":"ui"},"message":"Emulator UI logging to \u001b[1mui-debug.log\u001b[22m"}}
[debug] [2022-10-04T05:40:41.384Z] Web / API server started at localhost:4001
 {"metadata":{"emulator":{"name":"ui"},"message":"Web / API server started at localhost:4001\n"}}
[info] i  functions: Watching "E:\amazon-clone\amazon-clone\functions" for Cloud Functions... {"metadata":{"emulator":{"name":"functions"},"message":"Watching \"E:\\amazon-clone\\amazon-clone\\functions\" for Cloud Functions..."}}
[debug] [2022-10-04T05:40:41.534Z] Validating nodejs source
[debug] [2022-10-04T05:40:51.288Z] > [functions] package.json contents: {
  "name": "functions",
  "description": "Cloud Functions for Firebase",
  "scripts": {
    "lint": "eslint .",
    "serve": "firebase emulators:start --only functions",
    "shell": "firebase functions:shell",
    "start": "npm run shell",
    "deploy": "firebase deploy --only functions",
    "logs": "firebase functions:log"
  },
  "engines": {
    "node": "16"
  },
  "main": "index.js",
  "dependencies": {
    "express": "^4.18.1",
    "firebase-admin": "^10.0.2",
    "firebase-functions": "^3.18.0",
    "stripe": "^10.12.0"
  },
  "devDependencies": {
    "eslint": "^8.9.0",
    "eslint-config-google": "^0.14.0",
    "firebase-functions-test": "^0.2.0"
  },
  "private": true
}
[debug] [2022-10-04T05:40:51.288Z] Building nodejs source
[debug] [2022-10-04T05:40:51.289Z] Analyzing nodejs backend spec
[debug] [2022-10-04T05:40:51.291Z] Could not find functions.yaml. Must use http discovery
[debug] [2022-10-04T05:40:53.646Z] Serving at port 9005

[debug] [2022-10-04T05:40:55.670Z] Got response from /__/functions.yaml {"endpoints":{"api":{"platform":"gcfv1","httpsTrigger":{},"entryPoint":"api"}},"specVersion":"v1alpha1","requiredAPIs":[]}
[debug] [2022-10-04T05:40:55.693Z] shutdown requested via /__/quitquitquit

[info] +  functions: Loaded functions definitions from source: api. {"metadata":{"emulator":{"name":"functions"},"message":"Loaded functions definitions from source: api."}}
[info] +  functions[us-central1-api]: http function initialized (http://localhost:5001/clone-78fdd/us-central1/api). {"metadata":{"emulator":{"name":"functions"},"message":"\u001b[1mhttp\u001b[22m function initialized (http://localhost:5001/clone-78fdd/us-central1/api)."}}
[info] 
┌─────────────────────────────────────────────────────────────┐
│ ✔  All emulators ready! It is now safe to connect your app. │
│ i  View Emulator UI at http://localhost:4001                │
└─────────────────────────────────────────────────────────────┘

┌───────────┬────────────────┬─────────────────────────────────┐
│ Emulator  │ Host:Port      │ View in Emulator UI             │
├───────────┼────────────────┼─────────────────────────────────┤
│ Functions │ localhost:5001 │ http://localhost:4001/functions │
├───────────┼────────────────┼─────────────────────────────────┤
│ Hosting   │ localhost:5000 │ n/a                             │
└───────────┴────────────────┴─────────────────────────────────┘
  Emulator Hub running at localhost:4400
  Other reserved ports: 4500

Issues? Report them at https://github.com/firebase/firebase-tools/issues and attach the *-debug.log files.
 
